Base path: 'C:/Program Files/Unity/Hub/Editor/2019.4.10f1/Editor/Data', plugins path 'C:/Program Files/Unity/Hub/Editor/2019.4.10f1/Editor/Data/PlaybackEngines'
Cmd: initializeCompiler
Cmd: preprocessCompute
  insize=6863 outsize=6865 ok=1
Cmd: compileComputeKernel
  api=4 insize=6865 outsize=2489 ok=1
Cmd: preprocessCompute
  insize=6856 outsize=6858 ok=1
Cmd: compileComputeKernel
  api=4 insize=6858 outsize=1807 ok=1
Cmd: preprocess
  insize=39578 outsize=608 ok=1
Cmd: preprocessCompute
  insize=5786 outsize=5788 ok=1
Cmd: compileComputeKernel
  api=4 insize=5788 outsize=1390 ok=1
Cmd: preprocess
  insize=36529 outsize=607 ok=1
Cmd: preprocessCompute
  insize=7015 outsize=7017 ok=1
Cmd: compileComputeKernel
  api=4 insize=7017 outsize=2890 ok=1
Cmd: preprocessCompute
  insize=6728 outsize=6730 ok=1
Cmd: compileComputeKernel
  api=4 insize=6730 outsize=2712 ok=1
Cmd: preprocessCompute
  insize=7745 outsize=7747 ok=1
Cmd: compileComputeKernel
  api=4 insize=7747 outsize=2101 ok=1
Cmd: preprocess
  insize=36559 outsize=608 ok=1
Cmd: preprocessCompute
  insize=6863 outsize=6865 ok=1
Cmd: preprocessCompute
  insize=6856 outsize=6858 ok=1
Cmd: preprocess
  insize=39578 outsize=608 ok=1
Cmd: preprocessCompute
  insize=5786 outsize=5788 ok=1
Cmd: preprocess
  insize=36529 outsize=607 ok=1
Cmd: preprocessCompute
  insize=7015 outsize=7017 ok=1
Cmd: preprocessCompute
  insize=6728 outsize=6730 ok=1
Cmd: preprocessCompute
  insize=7745 outsize=7747 ok=1
Cmd: preprocess
  insize=36559 outsize=608 ok=1
Cmd: preprocessCompute
  insize=6863 outsize=6865 ok=1
Cmd: preprocessCompute
  insize=6856 outsize=6858 ok=1
Cmd: preprocess
  insize=39578 outsize=608 ok=1
Cmd: preprocessCompute
  insize=5786 outsize=5788 ok=1
Cmd: preprocess
  insize=36529 outsize=607 ok=1
Cmd: preprocessCompute
  insize=7015 outsize=7017 ok=1
Cmd: preprocessCompute
  insize=6728 outsize=6730 ok=1
Cmd: preprocessCompute
  insize=7745 outsize=7747 ok=1
Cmd: preprocess
  insize=37741 outsize=607 ok=1
Cmd: preprocessCompute
  insize=6863 outsize=6865 ok=1
Cmd: preprocessCompute
  insize=6856 outsize=6858 ok=1
Cmd: preprocess
  insize=39578 outsize=608 ok=1
Cmd: preprocessCompute
  insize=5786 outsize=5788 ok=1
Cmd: preprocess
  insize=36529 outsize=607 ok=1
Cmd: preprocessCompute
  insize=7015 outsize=7017 ok=1
Cmd: preprocessCompute
  insize=6728 outsize=6730 ok=1
Cmd: preprocessCompute
  insize=7745 outsize=7747 ok=1
Cmd: preprocess
  insize=37741 outsize=607 ok=1
Cmd: preprocessCompute
  insize=6863 outsize=6865 ok=1
Cmd: preprocessCompute
  insize=6856 outsize=6858 ok=1
Cmd: preprocess
  insize=39578 outsize=608 ok=1
Cmd: preprocessCompute
  insize=5786 outsize=5788 ok=1
Cmd: preprocess
  insize=37711 outsize=607 ok=1
Cmd: preprocessCompute
  insize=7015 outsize=7017 ok=1
Cmd: preprocessCompute
  insize=6728 outsize=6730 ok=1
Cmd: preprocessCompute
  insize=7745 outsize=7747 ok=1
Cmd: preprocess
  insize=37741 outsize=607 ok=1
Cmd: preprocessCompute
  insize=6863 outsize=6865 ok=1
Cmd: preprocessCompute
  insize=6856 outsize=6858 ok=1
Cmd: preprocess
  insize=39578 outsize=608 ok=1
Cmd: preprocessCompute
  insize=5786 outsize=5788 ok=1
Cmd: preprocess
  insize=37711 outsize=607 ok=1
Cmd: preprocessCompute
  insize=7015 outsize=7017 ok=1
Cmd: preprocessCompute
  insize=6728 outsize=6730 ok=1
Cmd: preprocessCompute
  insize=7745 outsize=7747 ok=1
Cmd: preprocess
  insize=37741 outsize=607 ok=1
Cmd: preprocessCompute
  insize=6863 outsize=6865 ok=1
Cmd: preprocessCompute
  insize=6856 outsize=6858 ok=1
Cmd: preprocess
  insize=39578 outsize=608 ok=1
Cmd: preprocessCompute
  insize=5786 outsize=5788 ok=1
Cmd: preprocess
  insize=37711 outsize=607 ok=1
Cmd: preprocessCompute
  insize=7015 outsize=7017 ok=1
Cmd: preprocessCompute
  insize=6728 outsize=6730 ok=1
Cmd: preprocessCompute
  insize=7745 outsize=7747 ok=1
Cmd: preprocess
  insize=37741 outsize=607 ok=1
Cmd: preprocessCompute
  insize=6863 outsize=6865 ok=1
Cmd: preprocessCompute
  insize=6856 outsize=6858 ok=1
Cmd: preprocess
  insize=39578 outsize=608 ok=1
Cmd: preprocessCompute
  insize=5786 outsize=5788 ok=1
Cmd: preprocess
  insize=37711 outsize=607 ok=1
Cmd: preprocessCompute
  insize=7015 outsize=7017 ok=1
Cmd: preprocessCompute
  insize=6728 outsize=6730 ok=1
Cmd: preprocessCompute
  insize=7745 outsize=7747 ok=1
Cmd: preprocess
  insize=37741 outsize=607 ok=1
Cmd: preprocessCompute
  insize=6858 outsize=6860 ok=1
Cmd: compileComputeKernel
  api=4 insize=6860 outsize=2489 ok=1
Cmd: preprocessCompute
  insize=6842 outsize=6844 ok=1
Cmd: compileComputeKernel
  api=4 insize=6844 outsize=1807 ok=1
Cmd: preprocess
  insize=39556 outsize=608 ok=1
Cmd: preprocessCompute
  insize=5786 outsize=5788 ok=1
Cmd: preprocess
  insize=37711 outsize=607 ok=1
Cmd: preprocessCompute
  insize=7015 outsize=7017 ok=1
Cmd: preprocessCompute
  insize=6728 outsize=6730 ok=1
Cmd: preprocessCompute
  insize=7745 outsize=7747 ok=1
Cmd: preprocess
  insize=37741 outsize=607 ok=1
Cmd: preprocessCompute
  insize=6858 outsize=6860 ok=1
Cmd: preprocessCompute
  insize=6842 outsize=6844 ok=1
Cmd: preprocess
  insize=39556 outsize=608 ok=1
Cmd: preprocessCompute
  insize=5786 outsize=5788 ok=1
Cmd: preprocess
  insize=37711 outsize=607 ok=1
Cmd: preprocessCompute
  insize=7015 outsize=7017 ok=1
Cmd: preprocessCompute
  insize=6728 outsize=6730 ok=1
Cmd: preprocessCompute
  insize=7745 outsize=7747 ok=1
Cmd: preprocess
  insize=37741 outsize=607 ok=1
Cmd: preprocessCompute
  insize=6858 outsize=6860 ok=1
Cmd: preprocessCompute
  insize=6842 outsize=6844 ok=1
Cmd: preprocess
  insize=39556 outsize=608 ok=1
Cmd: preprocessCompute
  insize=5786 outsize=5788 ok=1
Cmd: preprocess
  insize=37711 outsize=607 ok=1
Cmd: preprocessCompute
  insize=7015 outsize=7017 ok=1
Cmd: preprocessCompute
  insize=6728 outsize=6730 ok=1
Cmd: preprocessCompute
  insize=7745 outsize=7747 ok=1
Cmd: preprocess
  insize=37741 outsize=607 ok=1
Cmd: preprocessCompute
  insize=6841 outsize=6843 ok=1
Cmd: compileComputeKernel
  api=4 insize=6843 outsize=2174 ok=1
Cmd: preprocessCompute
  insize=6842 outsize=6844 ok=1
Cmd: preprocess
  insize=39556 outsize=608 ok=1
Cmd: preprocessCompute
  insize=5786 outsize=5788 ok=1
Cmd: preprocess
  insize=37711 outsize=607 ok=1
Cmd: preprocessCompute
  insize=7015 outsize=7017 ok=1
Cmd: preprocessCompute
  insize=6728 outsize=6730 ok=1
Cmd: preprocessCompute
  insize=7745 outsize=7747 ok=1
Cmd: preprocess
  insize=37741 outsize=607 ok=1
Cmd: preprocessCompute
  insize=6858 outsize=6860 ok=1
Cmd: preprocessCompute
  insize=6842 outsize=6844 ok=1
Cmd: preprocess
  insize=39556 outsize=608 ok=1
Cmd: preprocessCompute
  insize=5786 outsize=5788 ok=1
Cmd: preprocess
  insize=37711 outsize=607 ok=1
Cmd: preprocessCompute
  insize=7015 outsize=7017 ok=1
Cmd: preprocessCompute
  insize=6728 outsize=6730 ok=1
Cmd: preprocessCompute
  insize=7745 outsize=7747 ok=1
Cmd: preprocess
  insize=37741 outsize=607 ok=1
Cmd: preprocessCompute
  insize=6858 outsize=6860 ok=1
Cmd: preprocessCompute
  insize=6842 outsize=6844 ok=1
Cmd: preprocess
  insize=39556 outsize=608 ok=1
Cmd: preprocessCompute
  insize=5786 outsize=5788 ok=1
Cmd: preprocess
  insize=37711 outsize=607 ok=1
Cmd: preprocessCompute
  insize=7015 outsize=7017 ok=1
Cmd: preprocessCompute
  insize=6728 outsize=6730 ok=1
Cmd: preprocessCompute
  insize=7745 outsize=7747 ok=1
Cmd: preprocess
  insize=37741 outsize=607 ok=1
Cmd: preprocessCompute
  insize=6843 outsize=6845 ok=1
Cmd: compileComputeKernel
  api=4 insize=6845 outsize=2342 ok=1
Cmd: preprocessCompute
  insize=6842 outsize=6844 ok=1
Cmd: preprocess
  insize=39556 outsize=608 ok=1
Cmd: preprocessCompute
  insize=5786 outsize=5788 ok=1
Cmd: preprocess
  insize=37711 outsize=607 ok=1
Cmd: preprocessCompute
  insize=7015 outsize=7017 ok=1
Cmd: preprocessCompute
  insize=6728 outsize=6730 ok=1
Cmd: preprocessCompute
  insize=7745 outsize=7747 ok=1
Cmd: preprocess
  insize=37741 outsize=607 ok=1
Cmd: preprocessCompute
  insize=6343 outsize=6345 ok=1
Cmd: compileComputeKernel
  api=4 insize=6345 outsize=2008 ok=1
Cmd: preprocessCompute
  insize=6842 outsize=6844 ok=1
Cmd: compileComputeKernel
  api=4 insize=6844 outsize=1807 ok=1
Cmd: preprocess
  insize=39404 outsize=608 ok=1
Cmd: preprocessCompute
  insize=5786 outsize=5788 ok=1
Cmd: preprocess
  insize=37711 outsize=607 ok=1
Cmd: preprocessCompute
  insize=7015 outsize=7017 ok=1
Cmd: preprocessCompute
  insize=6728 outsize=6730 ok=1
Cmd: preprocessCompute
  insize=7745 outsize=7747 ok=1
Cmd: preprocess
  insize=37741 outsize=607 ok=1
Cmd: preprocessCompute
  insize=6343 outsize=6345 ok=1
Cmd: preprocessCompute
  insize=6842 outsize=6844 ok=1
Cmd: preprocess
  insize=39404 outsize=608 ok=1
Cmd: preprocessCompute
  insize=5786 outsize=5788 ok=1
Cmd: preprocess
  insize=37711 outsize=607 ok=1
Cmd: preprocessCompute
  insize=7015 outsize=7017 ok=1
Cmd: preprocessCompute
  insize=6728 outsize=6730 ok=1
Cmd: preprocessCompute
  insize=7745 outsize=7747 ok=1
Cmd: preprocess
  insize=37741 outsize=607 ok=1
Cmd: preprocessCompute
  insize=6343 outsize=6345 ok=1
Cmd: preprocessCompute
  insize=6842 outsize=6844 ok=1
Cmd: preprocess
  insize=39404 outsize=608 ok=1
Cmd: preprocessCompute
  insize=5786 outsize=5788 ok=1
Cmd: preprocess
  insize=37711 outsize=607 ok=1
Cmd: preprocessCompute
  insize=7015 outsize=7017 ok=1
Cmd: preprocessCompute
  insize=6728 outsize=6730 ok=1
Cmd: preprocessCompute
  insize=7745 outsize=7747 ok=1
Cmd: preprocess
  insize=37741 outsize=607 ok=1
Cmd: preprocessCompute
  insize=6343 outsize=6345 ok=1
Cmd: preprocessCompute
  insize=6842 outsize=6844 ok=1
Cmd: preprocess
  insize=39404 outsize=608 ok=1
Cmd: preprocessCompute
  insize=5786 outsize=5788 ok=1
Cmd: preprocess
  insize=37711 outsize=607 ok=1
Cmd: preprocessCompute
  insize=7015 outsize=7017 ok=1
Cmd: preprocessCompute
  insize=6728 outsize=6730 ok=1
Cmd: preprocessCompute
  insize=7745 outsize=7747 ok=1
Cmd: preprocess
  insize=37741 outsize=607 ok=1
Cmd: preprocessCompute
  insize=6343 outsize=6345 ok=1
Cmd: preprocessCompute
  insize=6842 outsize=6844 ok=1
Cmd: preprocess
  insize=39404 outsize=608 ok=1
Cmd: preprocessCompute
  insize=5786 outsize=5788 ok=1
Cmd: preprocess
  insize=37711 outsize=607 ok=1
Cmd: preprocessCompute
  insize=7015 outsize=7017 ok=1
Cmd: preprocessCompute
  insize=6728 outsize=6730 ok=1
Cmd: preprocessCompute
  insize=7745 outsize=7747 ok=1
Cmd: preprocess
  insize=37741 outsize=607 ok=1
Cmd: preprocessCompute
  insize=6343 outsize=6345 ok=1
Cmd: preprocessCompute
  insize=6842 outsize=6844 ok=1
Cmd: preprocess
  insize=39404 outsize=608 ok=1
Cmd: preprocessCompute
  insize=5786 outsize=5788 ok=1
Cmd: preprocess
  insize=37711 outsize=607 ok=1
Cmd: preprocessCompute
  insize=7015 outsize=7017 ok=1
Cmd: preprocessCompute
  insize=6728 outsize=6730 ok=1
Cmd: preprocessCompute
  insize=7745 outsize=7747 ok=1
Cmd: preprocess
  insize=37741 outsize=607 ok=1
Cmd: preprocessCompute
  insize=6343 outsize=6345 ok=1
Cmd: preprocessCompute
  insize=6842 outsize=6844 ok=1
Cmd: preprocess
  insize=39404 outsize=608 ok=1
Cmd: preprocessCompute
  insize=5786 outsize=5788 ok=1
Cmd: preprocess
  insize=37711 outsize=607 ok=1
Cmd: preprocessCompute
  insize=7015 outsize=7017 ok=1
Cmd: preprocessCompute
  insize=6728 outsize=6730 ok=1
Cmd: preprocessCompute
  insize=7745 outsize=7747 ok=1
Cmd: preprocess
  insize=37741 outsize=607 ok=1
Cmd: preprocessCompute
  insize=6343 outsize=6345 ok=1
Cmd: preprocessCompute
  insize=6842 outsize=6844 ok=1
Cmd: preprocess
  insize=39404 outsize=608 ok=1
Cmd: preprocessCompute
  insize=5786 outsize=5788 ok=1
Cmd: preprocess
  insize=37711 outsize=607 ok=1
Cmd: preprocessCompute
  insize=7015 outsize=7017 ok=1
Cmd: preprocessCompute
  insize=6728 outsize=6730 ok=1
Cmd: preprocessCompute
  insize=7745 outsize=7747 ok=1
Cmd: preprocess
  insize=37741 outsize=607 ok=1
Cmd: preprocessCompute
  insize=6343 outsize=6345 ok=1
Cmd: preprocessCompute
  insize=6842 outsize=6844 ok=1
Cmd: preprocess
  insize=39404 outsize=608 ok=1
Cmd: preprocessCompute
  insize=5786 outsize=5788 ok=1
Cmd: preprocess
  insize=37711 outsize=607 ok=1
Cmd: preprocessCompute
  insize=7015 outsize=7017 ok=1
Cmd: preprocessCompute
  insize=6728 outsize=6730 ok=1
Cmd: preprocessCompute
  insize=7745 outsize=7747 ok=1
Cmd: preprocess
  insize=37741 outsize=607 ok=1
Cmd: preprocessCompute
  insize=6343 outsize=6345 ok=1
Cmd: preprocessCompute
  insize=6842 outsize=6844 ok=1
Cmd: preprocess
  insize=39404 outsize=608 ok=1
Cmd: preprocessCompute
  insize=5786 outsize=5788 ok=1
Cmd: preprocess
  insize=37711 outsize=607 ok=1
Cmd: preprocessCompute
  insize=7015 outsize=7017 ok=1
Cmd: preprocessCompute
  insize=6728 outsize=6730 ok=1
Cmd: preprocessCompute
  insize=7745 outsize=7747 ok=1
Cmd: preprocess
  insize=37741 outsize=607 ok=1
Cmd: preprocessCompute
  insize=6343 outsize=6345 ok=1
Cmd: preprocessCompute
  insize=6842 outsize=6844 ok=1
Cmd: preprocess
  insize=39404 outsize=608 ok=1
Cmd: preprocessCompute
  insize=5786 outsize=5788 ok=1
Cmd: preprocess
  insize=37711 outsize=607 ok=1
Cmd: preprocessCompute
  insize=7015 outsize=7017 ok=1
Cmd: preprocessCompute
  insize=6728 outsize=6730 ok=1
Cmd: preprocessCompute
  insize=7745 outsize=7747 ok=1
Cmd: preprocess
  insize=37741 outsize=607 ok=1
Cmd: preprocessCompute
  insize=6343 outsize=6345 ok=1
Cmd: preprocessCompute
  insize=6842 outsize=6844 ok=1
Cmd: preprocess
  insize=39404 outsize=608 ok=1
Cmd: preprocessCompute
  insize=5786 outsize=5788 ok=1
Cmd: preprocess
  insize=37711 outsize=607 ok=1
Cmd: preprocessCompute
  insize=7015 outsize=7017 ok=1
Cmd: preprocessCompute
  insize=6728 outsize=6730 ok=1
Cmd: preprocessCompute
  insize=7745 outsize=7747 ok=1
Cmd: preprocess
  insize=37741 outsize=607 ok=1
Cmd: preprocessCompute
  insize=6343 outsize=6345 ok=1
Cmd: preprocessCompute
  insize=6842 outsize=6844 ok=1
Cmd: preprocess
  insize=39404 outsize=608 ok=1
Cmd: preprocessCompute
  insize=5786 outsize=5788 ok=1
Cmd: preprocess
  insize=37711 outsize=607 ok=1
Cmd: preprocessCompute
  insize=7015 outsize=7017 ok=1
Cmd: preprocessCompute
  insize=6728 outsize=6730 ok=1
Cmd: preprocessCompute
  insize=7745 outsize=7747 ok=1
Cmd: preprocess
  insize=37741 outsize=607 ok=1
Cmd: preprocessCompute
  insize=6343 outsize=6345 ok=1
Cmd: preprocessCompute
  insize=6842 outsize=6844 ok=1
Cmd: preprocess
  insize=39404 outsize=608 ok=1
Cmd: preprocessCompute
  insize=5786 outsize=5788 ok=1
Cmd: preprocess
  insize=37711 outsize=607 ok=1
Cmd: preprocessCompute
  insize=7015 outsize=7017 ok=1
Cmd: preprocessCompute
  insize=6728 outsize=6730 ok=1
Cmd: preprocessCompute
  insize=7745 outsize=7747 ok=1
Cmd: preprocess
  insize=37741 outsize=607 ok=1
Cmd: preprocessCompute
  insize=6343 outsize=6345 ok=1
Cmd: preprocessCompute
  insize=6842 outsize=6844 ok=1
Cmd: preprocess
  insize=39404 outsize=608 ok=1
Cmd: preprocessCompute
  insize=5786 outsize=5788 ok=1
Cmd: preprocess
  insize=37711 outsize=607 ok=1
Cmd: preprocessCompute
  insize=7015 outsize=7017 ok=1
Cmd: preprocessCompute
  insize=6728 outsize=6730 ok=1
Cmd: preprocessCompute
  insize=7745 outsize=7747 ok=1
Cmd: preprocess
  insize=37741 outsize=607 ok=1
Cmd: preprocessCompute
  insize=6343 outsize=6345 ok=1
Cmd: preprocessCompute
  insize=6842 outsize=6844 ok=1
Cmd: preprocess
  insize=39404 outsize=608 ok=1
Cmd: preprocessCompute
  insize=5786 outsize=5788 ok=1
Cmd: preprocess
  insize=37711 outsize=607 ok=1
Cmd: preprocessCompute
  insize=7015 outsize=7017 ok=1
Cmd: preprocessCompute
  insize=6728 outsize=6730 ok=1
Cmd: preprocessCompute
  insize=7745 outsize=7747 ok=1
Cmd: preprocess
  insize=37741 outsize=607 ok=1
Cmd: preprocessCompute
  insize=6343 outsize=6345 ok=1
Cmd: preprocessCompute
  insize=6842 outsize=6844 ok=1
Cmd: preprocess
  insize=39404 outsize=608 ok=1
Cmd: preprocessCompute
  insize=5786 outsize=5788 ok=1
Cmd: preprocess
  insize=37711 outsize=607 ok=1
Cmd: preprocessCompute
  insize=7015 outsize=7017 ok=1
Cmd: preprocessCompute
  insize=6728 outsize=6730 ok=1
Cmd: preprocessCompute
  insize=7745 outsize=7747 ok=1
Cmd: preprocess
  insize=37741 outsize=607 ok=1
Cmd: preprocessCompute
  insize=6343 outsize=6345 ok=1
Cmd: preprocessCompute
  insize=6842 outsize=6844 ok=1
Cmd: preprocess
  insize=39404 outsize=608 ok=1
Cmd: preprocessCompute
  insize=5786 outsize=5788 ok=1
Cmd: preprocess
  insize=37711 outsize=607 ok=1
Cmd: preprocessCompute
  insize=7015 outsize=7017 ok=1
Cmd: preprocessCompute
  insize=6728 outsize=6730 ok=1
Cmd: preprocessCompute
  insize=7745 outsize=7747 ok=1
Cmd: preprocess
  insize=37741 outsize=607 ok=1
Cmd: preprocessCompute
  insize=6343 outsize=6345 ok=1
Cmd: preprocessCompute
  insize=6842 outsize=6844 ok=1
Cmd: preprocess
  insize=39404 outsize=608 ok=1
Cmd: preprocessCompute
  insize=5786 outsize=5788 ok=1
Cmd: preprocess
  insize=37711 outsize=607 ok=1
Cmd: preprocessCompute
  insize=7015 outsize=7017 ok=1
Cmd: preprocessCompute
  insize=6728 outsize=6730 ok=1
Cmd: preprocessCompute
  insize=7745 outsize=7747 ok=1
Cmd: preprocess
  insize=37741 outsize=607 ok=1
Cmd: preprocessCompute
  insize=6343 outsize=6345 ok=1
Cmd: preprocessCompute
  insize=6842 outsize=6844 ok=1
Cmd: preprocess
  insize=39404 outsize=608 ok=1
Cmd: preprocessCompute
  insize=5786 outsize=5788 ok=1
Cmd: preprocess
  insize=37711 outsize=607 ok=1
Cmd: preprocessCompute
  insize=7015 outsize=7017 ok=1
Cmd: preprocessCompute
  insize=6728 outsize=6730 ok=1
Cmd: preprocessCompute
  insize=7745 outsize=7747 ok=1
Cmd: preprocess
  insize=37741 outsize=607 ok=1
Cmd: preprocessCompute
  insize=6343 outsize=6345 ok=1
Cmd: preprocessCompute
  insize=6842 outsize=6844 ok=1
Cmd: preprocess
  insize=39404 outsize=608 ok=1
Cmd: preprocessCompute
  insize=5786 outsize=5788 ok=1
Cmd: preprocess
  insize=37711 outsize=607 ok=1
Cmd: preprocessCompute
  insize=7015 outsize=7017 ok=1
Cmd: preprocessCompute
  insize=6728 outsize=6730 ok=1
Cmd: preprocessCompute
  insize=7745 outsize=7747 ok=1
Cmd: preprocess
  insize=37741 outsize=607 ok=1
Cmd: preprocessCompute
  insize=6343 outsize=6345 ok=1
Cmd: preprocessCompute
  insize=6842 outsize=6844 ok=1
Cmd: preprocess
  insize=39404 outsize=608 ok=1
Cmd: preprocessCompute
  insize=5786 outsize=5788 ok=1
Cmd: preprocess
  insize=37711 outsize=607 ok=1
Cmd: preprocessCompute
  insize=7015 outsize=7017 ok=1
Cmd: preprocessCompute
  insize=6728 outsize=6730 ok=1
Cmd: preprocessCompute
  insize=7745 outsize=7747 ok=1
Cmd: preprocess
  insize=37741 outsize=607 ok=1
Cmd: preprocessCompute
  insize=6343 outsize=6345 ok=1
Cmd: preprocessCompute
  insize=6842 outsize=6844 ok=1
Cmd: preprocess
  insize=39404 outsize=608 ok=1
Cmd: preprocessCompute
  insize=5786 outsize=5788 ok=1
Cmd: preprocess
  insize=37711 outsize=607 ok=1
Cmd: preprocessCompute
  insize=7015 outsize=7017 ok=1
Cmd: preprocessCompute
  insize=6728 outsize=6730 ok=1
Cmd: preprocessCompute
  insize=7745 outsize=7747 ok=1
Cmd: preprocess
  insize=37741 outsize=607 ok=1
Cmd: preprocessCompute
  insize=6343 outsize=6345 ok=1
Cmd: preprocessCompute
  insize=6842 outsize=6844 ok=1
Cmd: preprocess
  insize=39404 outsize=608 ok=1
Cmd: preprocessCompute
  insize=5786 outsize=5788 ok=1
Cmd: preprocess
  insize=37711 outsize=607 ok=1
Cmd: preprocessCompute
  insize=7015 outsize=7017 ok=1
Cmd: preprocessCompute
  insize=6728 outsize=6730 ok=1
Cmd: preprocessCompute
  insize=7745 outsize=7747 ok=1
Cmd: preprocess
  insize=37741 outsize=607 ok=1
Cmd: preprocessCompute
  insize=6343 outsize=6345 ok=1
Cmd: preprocessCompute
  insize=6842 outsize=6844 ok=1
Cmd: preprocess
  insize=39404 outsize=608 ok=1
Cmd: preprocessCompute
  insize=5786 outsize=5788 ok=1
Cmd: preprocess
  insize=37711 outsize=607 ok=1
Cmd: preprocessCompute
  insize=7015 outsize=7017 ok=1
Cmd: preprocessCompute
  insize=6728 outsize=6730 ok=1
Cmd: preprocessCompute
  insize=7745 outsize=7747 ok=1
Cmd: preprocess
  insize=37741 outsize=607 ok=1
Cmd: preprocessCompute
  insize=6343 outsize=6345 ok=1
Cmd: preprocessCompute
  insize=6842 outsize=6844 ok=1
Cmd: preprocess
  insize=39404 outsize=608 ok=1
Cmd: preprocessCompute
  insize=5786 outsize=5788 ok=1
Cmd: preprocess
  insize=37711 outsize=607 ok=1
Cmd: preprocessCompute
  insize=7015 outsize=7017 ok=1
Cmd: preprocessCompute
  insize=6728 outsize=6730 ok=1
Cmd: preprocessCompute
  insize=7745 outsize=7747 ok=1
Cmd: preprocess
  insize=37741 outsize=607 ok=1
Cmd: preprocessCompute
  insize=6343 outsize=6345 ok=1
Cmd: preprocessCompute
  insize=6842 outsize=6844 ok=1
Cmd: preprocess
  insize=39404 outsize=608 ok=1
Cmd: preprocessCompute
  insize=5786 outsize=5788 ok=1
Cmd: preprocess
  insize=37711 outsize=607 ok=1
Cmd: preprocessCompute
  insize=7015 outsize=7017 ok=1
Cmd: preprocessCompute
  insize=6728 outsize=6730 ok=1
Cmd: preprocessCompute
  insize=7745 outsize=7747 ok=1
Cmd: preprocess
  insize=37741 outsize=607 ok=1
Cmd: preprocessCompute
  insize=6343 outsize=6345 ok=1
Cmd: preprocessCompute
  insize=6842 outsize=6844 ok=1
Cmd: preprocess
  insize=39404 outsize=608 ok=1
Cmd: preprocessCompute
  insize=5786 outsize=5788 ok=1
Cmd: preprocess
  insize=37711 outsize=607 ok=1
Cmd: preprocessCompute
  insize=7015 outsize=7017 ok=1
Cmd: preprocessCompute
  insize=6728 outsize=6730 ok=1
Cmd: preprocessCompute
  insize=7745 outsize=7747 ok=1
Cmd: preprocess
  insize=37741 outsize=607 ok=1
Cmd: preprocessCompute
  insize=6343 outsize=6345 ok=1
Cmd: preprocessCompute
  insize=6842 outsize=6844 ok=1
Cmd: preprocess
  insize=39404 outsize=608 ok=1
Cmd: preprocessCompute
  insize=5786 outsize=5788 ok=1
Cmd: preprocess
  insize=37711 outsize=607 ok=1
Cmd: preprocessCompute
  insize=7015 outsize=7017 ok=1
Cmd: preprocessCompute
  insize=6728 outsize=6730 ok=1
Cmd: preprocessCompute
  insize=7745 outsize=7747 ok=1
Cmd: preprocess
  insize=37741 outsize=607 ok=1
Cmd: preprocessCompute
  insize=6343 outsize=6345 ok=1
Cmd: preprocessCompute
  insize=6842 outsize=6844 ok=1
Cmd: preprocess
  insize=39404 outsize=608 ok=1
Cmd: preprocessCompute
  insize=5786 outsize=5788 ok=1
Cmd: preprocess
  insize=37711 outsize=607 ok=1
Cmd: preprocessCompute
  insize=7015 outsize=7017 ok=1
Cmd: preprocessCompute
  insize=6728 outsize=6730 ok=1
Cmd: preprocessCompute
  insize=7745 outsize=7747 ok=1
Cmd: preprocess
  insize=37741 outsize=607 ok=1
Cmd: preprocessCompute
  insize=6343 outsize=6345 ok=1
Cmd: preprocessCompute
  insize=6842 outsize=6844 ok=1
Cmd: preprocess
  insize=39404 outsize=608 ok=1
Cmd: preprocessCompute
  insize=5786 outsize=5788 ok=1
Cmd: preprocess
  insize=37711 outsize=607 ok=1
Cmd: preprocessCompute
  insize=7015 outsize=7017 ok=1
Cmd: preprocessCompute
  insize=6728 outsize=6730 ok=1
Cmd: preprocessCompute
  insize=7745 outsize=7747 ok=1
Cmd: preprocess
  insize=37741 outsize=607 ok=1
Cmd: preprocessCompute
  insize=6343 outsize=6345 ok=1
Cmd: preprocessCompute
  insize=6842 outsize=6844 ok=1
Cmd: preprocess
  insize=39404 outsize=608 ok=1
Cmd: preprocessCompute
  insize=5786 outsize=5788 ok=1
Cmd: preprocess
  insize=37711 outsize=607 ok=1
Cmd: preprocessCompute
  insize=7015 outsize=7017 ok=1
Cmd: preprocessCompute
  insize=6728 outsize=6730 ok=1
Cmd: preprocessCompute
  insize=7745 outsize=7747 ok=1
Cmd: preprocess
  insize=37741 outsize=607 ok=1
Cmd: preprocessCompute
  insize=6343 outsize=6345 ok=1
Cmd: preprocessCompute
  insize=6842 outsize=6844 ok=1
Cmd: preprocess
  insize=39404 outsize=608 ok=1
Cmd: preprocessCompute
  insize=5786 outsize=5788 ok=1
Cmd: preprocess
  insize=37711 outsize=607 ok=1
Cmd: preprocessCompute
  insize=7015 outsize=7017 ok=1
Cmd: preprocessCompute
  insize=6728 outsize=6730 ok=1
Cmd: preprocessCompute
  insize=7745 outsize=7747 ok=1
Cmd: preprocess
  insize=37741 outsize=607 ok=1
Cmd: preprocessCompute
  insize=6343 outsize=6345 ok=1
Cmd: preprocessCompute
  insize=6842 outsize=6844 ok=1
Cmd: preprocess
  insize=39404 outsize=608 ok=1
Cmd: preprocessCompute
  insize=5786 outsize=5788 ok=1
Cmd: preprocess
  insize=37711 outsize=607 ok=1
Cmd: preprocessCompute
  insize=7015 outsize=7017 ok=1
Cmd: preprocessCompute
  insize=6728 outsize=6730 ok=1
Cmd: preprocessCompute
  insize=7745 outsize=7747 ok=1
Cmd: preprocess
  insize=37741 outsize=607 ok=1
Cmd: preprocessCompute
  insize=6343 outsize=6345 ok=1
Cmd: preprocessCompute
  insize=6842 outsize=6844 ok=1
Cmd: preprocess
  insize=39404 outsize=608 ok=1
Cmd: preprocessCompute
  insize=5786 outsize=5788 ok=1
Cmd: preprocess
  insize=37711 outsize=607 ok=1
Cmd: preprocessCompute
  insize=7015 outsize=7017 ok=1
Cmd: preprocessCompute
  insize=6728 outsize=6730 ok=1
Cmd: preprocessCompute
  insize=7745 outsize=7747 ok=1
Cmd: preprocess
  insize=37741 outsize=607 ok=1
Cmd: preprocessCompute
  insize=6343 outsize=6345 ok=1
Cmd: preprocessCompute
  insize=6842 outsize=6844 ok=1
Cmd: preprocess
  insize=39404 outsize=608 ok=1
Cmd: preprocessCompute
  insize=5786 outsize=5788 ok=1
Cmd: preprocess
  insize=37711 outsize=607 ok=1
Cmd: preprocessCompute
  insize=7015 outsize=7017 ok=1
Cmd: preprocessCompute
  insize=6728 outsize=6730 ok=1
Cmd: preprocessCompute
  insize=7745 outsize=7747 ok=1
Cmd: preprocess
  insize=37741 outsize=607 ok=1
Cmd: preprocessCompute
  insize=6343 outsize=6345 ok=1
Cmd: preprocessCompute
  insize=6842 outsize=6844 ok=1
Cmd: preprocess
  insize=39404 outsize=608 ok=1
Cmd: preprocessCompute
  insize=5786 outsize=5788 ok=1
Cmd: preprocess
  insize=37711 outsize=607 ok=1
Cmd: preprocessCompute
  insize=7015 outsize=7017 ok=1
Cmd: preprocessCompute
  insize=6728 outsize=6730 ok=1
Cmd: preprocessCompute
  insize=7745 outsize=7747 ok=1
Cmd: preprocess
  insize=37741 outsize=607 ok=1
Cmd: preprocessCompute
  insize=6343 outsize=6345 ok=1
Cmd: preprocessCompute
  insize=6842 outsize=6844 ok=1
Cmd: preprocess
  insize=39404 outsize=608 ok=1
Cmd: preprocessCompute
  insize=5786 outsize=5788 ok=1
Cmd: preprocess
  insize=37711 outsize=607 ok=1
Cmd: preprocessCompute
  insize=7015 outsize=7017 ok=1
Cmd: preprocessCompute
  insize=6728 outsize=6730 ok=1
Cmd: preprocessCompute
  insize=7745 outsize=7747 ok=1
Cmd: preprocess
  insize=37741 outsize=607 ok=1
Cmd: preprocessCompute
  insize=6343 outsize=6345 ok=1
Cmd: preprocessCompute
  insize=6842 outsize=6844 ok=1
Cmd: preprocess
  insize=39404 outsize=608 ok=1
Cmd: preprocessCompute
  insize=5786 outsize=5788 ok=1
Cmd: preprocess
  insize=37711 outsize=607 ok=1
Cmd: preprocessCompute
  insize=7015 outsize=7017 ok=1
Cmd: preprocessCompute
  insize=6728 outsize=6730 ok=1
Cmd: preprocessCompute
  insize=7745 outsize=7747 ok=1
Cmd: preprocess
  insize=37741 outsize=607 ok=1
Cmd: preprocessCompute
  insize=6343 outsize=6345 ok=1
Cmd: preprocessCompute
  insize=6842 outsize=6844 ok=1
Cmd: preprocess
  insize=39404 outsize=608 ok=1
Cmd: preprocessCompute
  insize=5786 outsize=5788 ok=1
Cmd: preprocess
  insize=37711 outsize=607 ok=1
Cmd: preprocessCompute
  insize=7015 outsize=7017 ok=1
Cmd: preprocessCompute
  insize=6728 outsize=6730 ok=1
Cmd: preprocessCompute
  insize=7745 outsize=7747 ok=1
Cmd: preprocess
  insize=37741 outsize=607 ok=1
Cmd: preprocessCompute
  insize=6343 outsize=6345 ok=1
Cmd: preprocessCompute
  insize=6842 outsize=6844 ok=1
Cmd: preprocess
  insize=39404 outsize=608 ok=1
Cmd: preprocessCompute
  insize=5786 outsize=5788 ok=1
Cmd: preprocess
  insize=37711 outsize=607 ok=1
Cmd: preprocessCompute
  insize=7015 outsize=7017 ok=1
Cmd: preprocessCompute
  insize=6728 outsize=6730 ok=1
Cmd: preprocessCompute
  insize=7745 outsize=7747 ok=1
Cmd: preprocess
  insize=37741 outsize=607 ok=1
Cmd: preprocessCompute
  insize=6343 outsize=6345 ok=1
Cmd: preprocessCompute
  insize=6842 outsize=6844 ok=1
Cmd: preprocess
  insize=39404 outsize=608 ok=1
Cmd: preprocessCompute
  insize=5786 outsize=5788 ok=1
Cmd: preprocess
  insize=37711 outsize=607 ok=1
Cmd: preprocessCompute
  insize=7015 outsize=7017 ok=1
Cmd: preprocessCompute
  insize=6728 outsize=6730 ok=1
Cmd: preprocessCompute
  insize=7745 outsize=7747 ok=1
Cmd: preprocess
  insize=37741 outsize=607 ok=1
Cmd: preprocessCompute
  insize=6343 outsize=6345 ok=1
Cmd: preprocessCompute
  insize=6842 outsize=6844 ok=1
Cmd: preprocess
  insize=39404 outsize=608 ok=1
Cmd: preprocessCompute
  insize=5786 outsize=5788 ok=1
Cmd: preprocess
  insize=37711 outsize=607 ok=1
Cmd: preprocessCompute
  insize=7015 outsize=7017 ok=1
Cmd: preprocessCompute
  insize=6728 outsize=6730 ok=1
Cmd: preprocessCompute
  insize=7745 outsize=7747 ok=1
Cmd: preprocess
  insize=37741 outsize=607 ok=1
Cmd: preprocessCompute
  insize=6343 outsize=6345 ok=1
Cmd: preprocessCompute
  insize=6842 outsize=6844 ok=1
Cmd: preprocess
  insize=39404 outsize=608 ok=1
Cmd: preprocessCompute
  insize=5786 outsize=5788 ok=1
Cmd: preprocess
  insize=37711 outsize=607 ok=1
Cmd: preprocessCompute
  insize=7015 outsize=7017 ok=1
Cmd: preprocessCompute
  insize=6728 outsize=6730 ok=1
Cmd: preprocessCompute
  insize=7745 outsize=7747 ok=1
Cmd: preprocess
  insize=37741 outsize=607 ok=1
Cmd: preprocessCompute
  insize=6343 outsize=6345 ok=1
Cmd: preprocessCompute
  insize=6842 outsize=6844 ok=1
Cmd: preprocess
  insize=39404 outsize=608 ok=1
Cmd: preprocessCompute
  insize=5786 outsize=5788 ok=1
Cmd: preprocess
  insize=37711 outsize=607 ok=1
Cmd: preprocessCompute
  insize=7015 outsize=7017 ok=1
Cmd: preprocessCompute
  insize=6728 outsize=6730 ok=1
Cmd: preprocessCompute
  insize=7745 outsize=7747 ok=1
Cmd: preprocess
  insize=37741 outsize=607 ok=1
Cmd: preprocessCompute
  insize=6343 outsize=6345 ok=1
Cmd: preprocessCompute
  insize=6842 outsize=6844 ok=1
Cmd: preprocess
  insize=39404 outsize=608 ok=1
Cmd: preprocessCompute
  insize=5786 outsize=5788 ok=1
Cmd: preprocess
  insize=37711 outsize=607 ok=1
Cmd: preprocessCompute
  insize=7015 outsize=7017 ok=1
Cmd: preprocessCompute
  insize=6728 outsize=6730 ok=1
Cmd: preprocessCompute
  insize=7745 outsize=7747 ok=1
Cmd: preprocess
  insize=37741 outsize=607 ok=1
Cmd: preprocessCompute
  insize=6343 outsize=6345 ok=1
Cmd: preprocessCompute
  insize=6842 outsize=6844 ok=1
Cmd: preprocess
  insize=39404 outsize=608 ok=1
Cmd: preprocessCompute
  insize=5786 outsize=5788 ok=1
Cmd: preprocess
  insize=37711 outsize=607 ok=1
Cmd: preprocessCompute
  insize=7015 outsize=7017 ok=1
Cmd: preprocessCompute
  insize=6728 outsize=6730 ok=1
Cmd: preprocessCompute
  insize=7745 outsize=7747 ok=1
Cmd: preprocess
  insize=37741 outsize=607 ok=1
Cmd: preprocessCompute
  insize=6343 outsize=6345 ok=1
Cmd: preprocessCompute
  insize=6842 outsize=6844 ok=1
Cmd: preprocess
  insize=39404 outsize=608 ok=1
Cmd: preprocessCompute
  insize=5786 outsize=5788 ok=1
Cmd: preprocess
  insize=37711 outsize=607 ok=1
Cmd: preprocessCompute
  insize=7015 outsize=7017 ok=1
Cmd: preprocessCompute
  insize=6728 outsize=6730 ok=1
Cmd: preprocessCompute
  insize=7745 outsize=7747 ok=1
Cmd: preprocess
  insize=37741 outsize=607 ok=1
Cmd: preprocessCompute
  insize=6343 outsize=6345 ok=1
Cmd: preprocessCompute
  insize=6842 outsize=6844 ok=1
Cmd: preprocess
  insize=39404 outsize=608 ok=1
Cmd: preprocessCompute
  insize=5786 outsize=5788 ok=1
Cmd: preprocess
  insize=37711 outsize=607 ok=1
Cmd: preprocessCompute
  insize=7015 outsize=7017 ok=1
Cmd: preprocessCompute
  insize=6728 outsize=6730 ok=1
Cmd: preprocessCompute
  insize=7745 outsize=7747 ok=1
Cmd: preprocess
  insize=37741 outsize=607 ok=1
Cmd: preprocessCompute
  insize=6343 outsize=6345 ok=1
Cmd: preprocessCompute
  insize=6842 outsize=6844 ok=1
Cmd: preprocess
  insize=39404 outsize=608 ok=1
Cmd: preprocessCompute
  insize=5786 outsize=5788 ok=1
Cmd: preprocess
  insize=37711 outsize=607 ok=1
Cmd: preprocessCompute
  insize=7015 outsize=7017 ok=1
Cmd: preprocessCompute
  insize=6728 outsize=6730 ok=1
Cmd: preprocessCompute
  insize=7745 outsize=7747 ok=1
Cmd: preprocess
  insize=37741 outsize=607 ok=1
Cmd: preprocessCompute
  insize=6343 outsize=6345 ok=1
Cmd: preprocessCompute
  insize=6842 outsize=6844 ok=1
Cmd: preprocess
  insize=39404 outsize=608 ok=1
Cmd: preprocessCompute
  insize=5786 outsize=5788 ok=1
Cmd: preprocess
  insize=37711 outsize=607 ok=1
Cmd: preprocessCompute
  insize=7015 outsize=7017 ok=1
Cmd: preprocessCompute
  insize=6728 outsize=6730 ok=1
Cmd: preprocessCompute
  insize=7745 outsize=7747 ok=1
Cmd: preprocess
  insize=37741 outsize=607 ok=1
Cmd: preprocessCompute
  insize=6343 outsize=6345 ok=1
Cmd: preprocessCompute
  insize=6842 outsize=6844 ok=1
Cmd: preprocess
  insize=39404 outsize=608 ok=1
Cmd: preprocessCompute
  insize=5786 outsize=5788 ok=1
Cmd: preprocess
  insize=37711 outsize=607 ok=1
Cmd: preprocessCompute
  insize=7015 outsize=7017 ok=1
Cmd: preprocessCompute
  insize=6728 outsize=6730 ok=1
Cmd: preprocessCompute
  insize=7745 outsize=7747 ok=1
Cmd: preprocess
  insize=37741 outsize=607 ok=1
Cmd: preprocessCompute
  insize=6343 outsize=6345 ok=1
Cmd: preprocessCompute
  insize=6842 outsize=6844 ok=1
Cmd: preprocess
  insize=39404 outsize=608 ok=1
Cmd: preprocessCompute
  insize=5786 outsize=5788 ok=1
Cmd: preprocess
  insize=37711 outsize=607 ok=1
Cmd: preprocessCompute
  insize=7015 outsize=7017 ok=1
Cmd: preprocessCompute
  insize=6728 outsize=6730 ok=1
Cmd: preprocessCompute
  insize=7745 outsize=7747 ok=1
Cmd: preprocess
  insize=37741 outsize=607 ok=1
Cmd: preprocessCompute
  insize=6343 outsize=6345 ok=1
Cmd: preprocessCompute
  insize=6842 outsize=6844 ok=1
Cmd: preprocess
  insize=39404 outsize=608 ok=1
Cmd: preprocessCompute
  insize=5786 outsize=5788 ok=1
Cmd: preprocess
  insize=37711 outsize=607 ok=1
Cmd: preprocessCompute
  insize=7015 outsize=7017 ok=1
Cmd: preprocessCompute
  insize=6728 outsize=6730 ok=1
Cmd: preprocessCompute
  insize=7745 outsize=7747 ok=1
Cmd: preprocess
  insize=37741 outsize=607 ok=1
Cmd: preprocessCompute
  insize=6343 outsize=6345 ok=1
Cmd: preprocessCompute
  insize=6842 outsize=6844 ok=1
Cmd: preprocess
  insize=39404 outsize=608 ok=1
Cmd: preprocessCompute
  insize=5786 outsize=5788 ok=1
Cmd: preprocess
  insize=37711 outsize=607 ok=1
Cmd: preprocessCompute
  insize=7015 outsize=7017 ok=1
Cmd: preprocessCompute
  insize=6728 outsize=6730 ok=1
Cmd: preprocessCompute
  insize=7745 outsize=7747 ok=1
Cmd: preprocess
  insize=37741 outsize=607 ok=1
Cmd: preprocessCompute
  insize=6343 outsize=6345 ok=1
Cmd: preprocessCompute
  insize=6842 outsize=6844 ok=1
Cmd: preprocess
  insize=39404 outsize=608 ok=1
Cmd: preprocessCompute
  insize=5786 outsize=5788 ok=1
Cmd: preprocess
  insize=37711 outsize=607 ok=1
Cmd: preprocessCompute
  insize=7015 outsize=7017 ok=1
Cmd: preprocessCompute
  insize=6728 outsize=6730 ok=1
Cmd: preprocessCompute
  insize=7745 outsize=7747 ok=1
Cmd: preprocess
  insize=37741 outsize=607 ok=1
Cmd: preprocessCompute
  insize=6343 outsize=6345 ok=1
Cmd: preprocessCompute
  insize=6842 outsize=6844 ok=1
Cmd: preprocess
  insize=39404 outsize=608 ok=1
Cmd: preprocessCompute
  insize=5786 outsize=5788 ok=1
Cmd: preprocess
  insize=37711 outsize=607 ok=1
Cmd: preprocessCompute
  insize=7015 outsize=7017 ok=1
Cmd: preprocessCompute
  insize=6728 outsize=6730 ok=1
Cmd: preprocessCompute
  insize=7745 outsize=7747 ok=1
Cmd: preprocess
  insize=37741 outsize=607 ok=1
Cmd: preprocessCompute
  insize=6343 outsize=6345 ok=1
Cmd: preprocessCompute
  insize=6842 outsize=6844 ok=1
Cmd: preprocess
  insize=39404 outsize=608 ok=1
Cmd: preprocessCompute
  insize=5786 outsize=5788 ok=1
Cmd: preprocess
  insize=37711 outsize=607 ok=1
Cmd: preprocessCompute
  insize=7015 outsize=7017 ok=1
Cmd: preprocessCompute
  insize=6728 outsize=6730 ok=1
Cmd: preprocessCompute
  insize=7745 outsize=7747 ok=1
Cmd: preprocess
  insize=37741 outsize=607 ok=1
Cmd: preprocessCompute
  insize=6343 outsize=6345 ok=1
Cmd: preprocessCompute
  insize=6842 outsize=6844 ok=1
Cmd: preprocess
  insize=39404 outsize=608 ok=1
Cmd: preprocessCompute
  insize=5786 outsize=5788 ok=1
Cmd: preprocess
  insize=37711 outsize=607 ok=1
Cmd: preprocessCompute
  insize=7015 outsize=7017 ok=1
Cmd: preprocessCompute
  insize=6728 outsize=6730 ok=1
Cmd: preprocessCompute
  insize=7745 outsize=7747 ok=1
Cmd: preprocess
  insize=37741 outsize=607 ok=1
Cmd: preprocessCompute
  insize=6343 outsize=6345 ok=1
Cmd: preprocessCompute
  insize=6842 outsize=6844 ok=1
Cmd: preprocess
  insize=39404 outsize=608 ok=1
Cmd: preprocessCompute
  insize=5786 outsize=5788 ok=1
Cmd: preprocess
  insize=37711 outsize=607 ok=1
Cmd: preprocessCompute
  insize=7015 outsize=7017 ok=1
Cmd: preprocessCompute
  insize=6728 outsize=6730 ok=1
Cmd: preprocessCompute
  insize=7745 outsize=7747 ok=1
Cmd: preprocess
  insize=37741 outsize=607 ok=1
Cmd: preprocessCompute
  insize=6343 outsize=6345 ok=1
Cmd: preprocessCompute
  insize=6842 outsize=6844 ok=1
Cmd: preprocess
  insize=39404 outsize=608 ok=1
Cmd: preprocessCompute
  insize=5786 outsize=5788 ok=1
Cmd: preprocess
  insize=37711 outsize=607 ok=1
Cmd: preprocessCompute
  insize=7015 outsize=7017 ok=1
Cmd: preprocessCompute
  insize=6728 outsize=6730 ok=1
Cmd: preprocessCompute
  insize=7745 outsize=7747 ok=1
Cmd: preprocess
  insize=37741 outsize=607 ok=1
Cmd: preprocessCompute
  insize=6343 outsize=6345 ok=1
Cmd: preprocessCompute
  insize=6842 outsize=6844 ok=1
Cmd: preprocess
  insize=39404 outsize=608 ok=1
Cmd: preprocessCompute
  insize=5786 outsize=5788 ok=1
Cmd: preprocess
  insize=37711 outsize=607 ok=1
Cmd: preprocessCompute
  insize=7015 outsize=7017 ok=1
Cmd: preprocessCompute
  insize=6728 outsize=6730 ok=1
Cmd: preprocessCompute
  insize=7745 outsize=7747 ok=1
Cmd: preprocess
  insize=37741 outsize=607 ok=1
Cmd: preprocessCompute
  insize=6343 outsize=6345 ok=1
Cmd: preprocessCompute
  insize=6842 outsize=6844 ok=1
Cmd: preprocess
  insize=39404 outsize=608 ok=1
Cmd: preprocessCompute
  insize=5786 outsize=5788 ok=1
Cmd: preprocess
  insize=37711 outsize=607 ok=1
Cmd: preprocessCompute
  insize=7015 outsize=7017 ok=1
Cmd: preprocessCompute
  insize=6728 outsize=6730 ok=1
Cmd: preprocessCompute
  insize=7745 outsize=7747 ok=1
Cmd: preprocess
  insize=37741 outsize=607 ok=1
Cmd: preprocessCompute
  insize=6343 outsize=6345 ok=1
Cmd: preprocessCompute
  insize=6842 outsize=6844 ok=1
Cmd: preprocess
  insize=39404 outsize=608 ok=1
Cmd: preprocessCompute
  insize=5786 outsize=5788 ok=1
Cmd: preprocess
  insize=37711 outsize=607 ok=1
Cmd: preprocessCompute
  insize=7015 outsize=7017 ok=1
Cmd: preprocessCompute
  insize=6728 outsize=6730 ok=1
Cmd: preprocessCompute
  insize=7745 outsize=7747 ok=1
Cmd: preprocess
  insize=37741 outsize=607 ok=1
Cmd: preprocessCompute
  insize=6343 outsize=6345 ok=1
Cmd: preprocessCompute
  insize=6842 outsize=6844 ok=1
Cmd: preprocess
  insize=39404 outsize=608 ok=1
Cmd: preprocessCompute
  insize=5786 outsize=5788 ok=1
Cmd: preprocess
  insize=37711 outsize=607 ok=1
Cmd: preprocessCompute
  insize=7015 outsize=7017 ok=1
Cmd: preprocessCompute
  insize=6728 outsize=6730 ok=1
Cmd: preprocessCompute
  insize=7745 outsize=7747 ok=1
Cmd: preprocess
  insize=37741 outsize=607 ok=1
Cmd: preprocessCompute
  insize=6343 outsize=6345 ok=1
Cmd: preprocessCompute
  insize=6842 outsize=6844 ok=1
Cmd: preprocess
  insize=39404 outsize=608 ok=1
Cmd: preprocessCompute
  insize=5786 outsize=5788 ok=1
Cmd: preprocess
  insize=37711 outsize=607 ok=1
Cmd: preprocessCompute
  insize=7015 outsize=7017 ok=1
Cmd: preprocessCompute
  insize=6728 outsize=6730 ok=1
Cmd: preprocessCompute
  insize=7745 outsize=7747 ok=1
Cmd: preprocess
  insize=37741 outsize=607 ok=1
Cmd: preprocessCompute
  insize=6343 outsize=6345 ok=1
Cmd: preprocessCompute
  insize=6842 outsize=6844 ok=1
Cmd: preprocess
  insize=39404 outsize=608 ok=1
Cmd: preprocessCompute
  insize=5786 outsize=5788 ok=1
Cmd: preprocess
  insize=37711 outsize=607 ok=1
Cmd: preprocessCompute
  insize=7015 outsize=7017 ok=1
Cmd: preprocessCompute
  insize=6728 outsize=6730 ok=1
Cmd: preprocessCompute
  insize=7745 outsize=7747 ok=1
Cmd: preprocess
  insize=37741 outsize=607 ok=1
Cmd: preprocessCompute
  insize=6343 outsize=6345 ok=1
Cmd: preprocessCompute
  insize=6842 outsize=6844 ok=1
Cmd: preprocess
  insize=39404 outsize=608 ok=1
Cmd: preprocessCompute
  insize=5786 outsize=5788 ok=1
Cmd: preprocess
  insize=37711 outsize=607 ok=1
Cmd: preprocessCompute
  insize=7015 outsize=7017 ok=1
Cmd: preprocessCompute
  insize=6728 outsize=6730 ok=1
Cmd: preprocessCompute
  insize=7745 outsize=7747 ok=1
Cmd: preprocess
  insize=37741 outsize=607 ok=1
Cmd: compileSnippet
  api=4 type=0 insize=1907 outsize=802 kw= pd=UNITY_ENABLE_REFLECTION_BUFFERS UNITY_USE_DITHER_MASK_FOR_ALPHABLENDED_SHADOWS UNITY_PBS_USE_BRDF1 UNITY_SPECCUBE_BOX_PROJECTION UNITY_SPECCUBE_BLENDING UNITY_ENABLE_DETAIL_NORMALMAP SHADER_API_DESKTOP UNITY_LIGHT_PROBE_PROXY_VOLUME UNITY_LIGHTMAP_RGBM_ENCODING ok=1
Cmd: compileSnippet
  api=4 type=1 insize=1907 outsize=646 kw= pd=UNITY_ENABLE_REFLECTION_BUFFERS UNITY_USE_DITHER_MASK_FOR_ALPHABLENDED_SHADOWS UNITY_PBS_USE_BRDF1 UNITY_SPECCUBE_BOX_PROJECTION UNITY_SPECCUBE_BLENDING UNITY_ENABLE_DETAIL_NORMALMAP SHADER_API_DESKTOP UNITY_LIGHT_PROBE_PROXY_VOLUME UNITY_LIGHTMAP_RGBM_ENCODING ok=1
